<?xml version="1.0" encoding="UTF-8"?>
<!-- Generated by org.testng.reporters.JUnitReportReporter -->
<testsuite hostname="SYB-LP-ITS-008" failures="0" tests="3" name="gmail.got" time="55.207" errors="0" timestamp="24 Sep 2019 08:57:06 GMT">
  <testcase classname="gmail.got" name="launchbrowser" time="11.406"/>
  <testcase classname="gmail.got" name="login" time="16.830"/>
  <testcase classname="gmail.got" name="mail" time="26.971"/>
</testsuite> <!-- gmail.got -->
